[12dic.2025 00:01:55.095] [Server thread/INFO] [Chunk Activity Tracker/]: Saving data for 520 chunks for dimension 'overworld' took 2 milliseconds
[12dic.2025 00:06:55.071] [Server thread/INFO] [Chunk Activity Tracker/]: Saving data for 553 chunks for dimension 'overworld' took 2 milliseconds
[12dic.2025 00:06:55.080] [Server thread/INFO] [dev.uncandango.alltheleaks.AllTheLeaks/]: Listing events...
[12dic.2025 00:06:55.080] [Server thread/INFO] [dev.uncandango.alltheleaks.AllTheLeaks/]: Listing memory leaks so far...
[12dic.2025 00:06:55.080] [Server thread/INFO] [dev.uncandango.alltheleaks.AllTheLeaks/]: Waiting to stabilize [1/10]
[12dic.2025 00:06:55.081] [Server thread/INFO] [dev.uncandango.alltheleaks.AllTheLeaks/]: Memory Leaks detected: (/atl force_refresh to update)
[12dic.2025 00:06:55.081] [Server thread/INFO] [dev.uncandango.alltheleaks.AllTheLeaks/]: | ChunkAccess:
[12dic.2025 00:06:55.082] [Server thread/INFO] [dev.uncandango.alltheleaks.AllTheLeaks/]: |- LevelChunk (minecraft): 289
[12dic.2025 00:08:46.719] [Server thread/INFO] [net.minecraft.server.MinecraftServer/]: Gersbot has made the advancement [Acquire Hardware]
[12dic.2025 00:11:55.117] [Server thread/INFO] [Chunk Activity Tracker/]: Saving data for 557 chunks for dimension 'overworld' took 2 milliseconds
[12dic.2025 00:15:11.568] [Server thread/INFO] [net.minecraft.server.MinecraftServer/]: Gersbot was shot by Skeleton
[12dic.2025 00:16:00.472] [Server thread/INFO] [net.minecraft.server.MinecraftServer/]: Gersbot was shot by Skeleton
[12dic.2025 00:16:55.099] [Server thread/INFO] [Chunk Activity Tracker/]: Saving data for 572 chunks for dimension 'overworld' took 1 milliseconds
[12dic.2025 00:16:55.117] [Server thread/INFO] [dev.uncandango.alltheleaks.AllTheLeaks/]: Listing events...
[12dic.2025 00:16:55.117] [Server thread/INFO] [dev.uncandango.alltheleaks.AllTheLeaks/]: Server Player Clone: 2
[12dic.2025 00:16:55.117] [Server thread/INFO] [dev.uncandango.alltheleaks.AllTheLeaks/]: Listing memory leaks so far...
[12dic.2025 00:16:55.117] [Server thread/INFO] [dev.uncandango.alltheleaks.AllTheLeaks/]: Waiting to stabilize [0/10]
[12dic.2025 00:16:55.117] [Server thread/INFO] [dev.uncandango.alltheleaks.AllTheLeaks/]: Memory Leaks detected: (/atl force_refresh to update)
[12dic.2025 00:16:55.117] [Server thread/INFO] [dev.uncandango.alltheleaks.AllTheLeaks/]: | Player:
[12dic.2025 00:16:55.117] [Server thread/INFO] [dev.uncandango.alltheleaks.AllTheLeaks/]: |- ServerPlayer (minecraft): 2
[12dic.2025 00:16:55.117] [Server thread/INFO] [dev.uncandango.alltheleaks.AllTheLeaks/]: | ChunkAccess:
[12dic.2025 00:16:55.117] [Server thread/INFO] [dev.uncandango.alltheleaks.AllTheLeaks/]: |- LevelChunk (minecraft): 880
[12dic.2025 00:21:55.097] [Server thread/INFO] [Chunk Activity Tracker/]: Saving data for 575 chunks for dimension 'overworld' took 2 milliseconds
[12dic.2025 00:26:55.081] [Server thread/INFO] [Chunk Activity Tracker/]: Saving data for 577 chunks for dimension 'overworld' took 2 milliseconds
[12dic.2025 00:26:55.167] [Server thread/INFO] [dev.uncandango.alltheleaks.AllTheLeaks/]: Listing events...
[12dic.2025 00:26:55.168] [Server thread/INFO] [dev.uncandango.alltheleaks.AllTheLeaks/]: Server Player Clone: 2
[12dic.2025 00:26:55.168] [Server thread/INFO] [dev.uncandango.alltheleaks.AllTheLeaks/]: Listing memory leaks so far...
[12dic.2025 00:26:55.168] [Server thread/INFO] [dev.uncandango.alltheleaks.AllTheLeaks/]: Waiting to stabilize [3/10]
[12dic.2025 00:26:55.168] [Server thread/INFO] [dev.uncandango.alltheleaks.AllTheLeaks/]: No memory leak detected!
[12dic.2025 00:31:55.080] [Server thread/INFO] [Chunk Activity Tracker/]: Saving data for 577 chunks for dimension 'overworld' took 1 milliseconds
[12dic.2025 00:35:02.965] [Server thread/INFO] [net.minecraft.server.MinecraftServer/]: Gersbot has made the advancement [Hot Stuff]
[12dic.2025 00:36:55.086] [Server thread/INFO] [Chunk Activity Tracker/]: Saving data for 577 chunks for dimension 'overworld' took 1 milliseconds
[12dic.2025 00:36:55.218] [Server thread/INFO] [dev.uncandango.alltheleaks.AllTheLeaks/]: Listing events...
[12dic.2025 00:36:55.218] [Server thread/INFO] [dev.uncandango.alltheleaks.AllTheLeaks/]: Server Player Clone: 2
[12dic.2025 00:36:55.218] [Server thread/INFO] [dev.uncandango.alltheleaks.AllTheLeaks/]: Listing memory leaks so far...
[12dic.2025 00:36:55.218] [Server thread/INFO] [dev.uncandango.alltheleaks.AllTheLeaks/]: Waiting to stabilize [0/10]
[12dic.2025 00:36:55.218] [Server thread/INFO] [dev.uncandango.alltheleaks.AllTheLeaks/]: No memory leak detected!
[12dic.2025 00:41:55.102] [Server thread/INFO] [Chunk Activity Tracker/]: Saving data for 578 chunks for dimension 'overworld' took 1 milliseconds
[12dic.2025 00:46:55.079] [Server thread/INFO] [Chunk Activity Tracker/]: Saving data for 578 chunks for dimension 'overworld' took 2 milliseconds
[12dic.2025 00:46:55.263] [Server thread/INFO] [dev.uncandango.alltheleaks.AllTheLeaks/]: Listing events...
[12dic.2025 00:46:55.263] [Server thread/INFO] [dev.uncandango.alltheleaks.AllTheLeaks/]: Server Player Clone: 2
[12dic.2025 00:46:55.263] [Server thread/INFO] [dev.uncandango.alltheleaks.AllTheLeaks/]: Listing memory leaks so far...
[12dic.2025 00:46:55.263] [Server thread/INFO] [dev.uncandango.alltheleaks.AllTheLeaks/]: Waiting to stabilize [1/10]
[12dic.2025 00:46:55.263] [Server thread/INFO] [dev.uncandango.alltheleaks.AllTheLeaks/]: No memory leak detected!
[12dic.2025 00:51:55.077] [Server thread/INFO] [Chunk Activity Tracker/]: Saving data for 578 chunks for dimension 'overworld' took 1 milliseconds
[12dic.2025 00:56:55.079] [Server thread/INFO] [Chunk Activity Tracker/]: Saving data for 578 chunks for dimension 'overworld' took 1 milliseconds
[12dic.2025 00:56:55.314] [Server thread/INFO] [dev.uncandango.alltheleaks.AllTheLeaks/]: Listing events...
[12dic.2025 00:56:55.314] [Server thread/INFO] [dev.uncandango.alltheleaks.AllTheLeaks/]: Server Player Clone: 2
[12dic.2025 00:56:55.315] [Server thread/INFO] [dev.uncandango.alltheleaks.AllTheLeaks/]: Listing memory leaks so far...
[12dic.2025 00:56:55.315] [Server thread/INFO] [dev.uncandango.alltheleaks.AllTheLeaks/]: Waiting to stabilize [4/10]
[12dic.2025 00:56:55.315] [Server thread/INFO] [dev.uncandango.alltheleaks.AllTheLeaks/]: No memory leak detected!
[12dic.2025 01:01:55.079] [Server thread/INFO] [Chunk Activity Tracker/]: Saving data for 578 chunks for dimension 'overworld' took 2 milliseconds
[12dic.2025 01:06:55.096] [Server thread/INFO] [Chunk Activity Tracker/]: Saving data for 580 chunks for dimension 'overworld' took 2 milliseconds
[12dic.2025 01:06:55.364] [Server thread/INFO] [dev.uncandango.alltheleaks.AllTheLeaks/]: Listing events...
[12dic.2025 01:06:55.364] [Server thread/INFO] [dev.uncandango.alltheleaks.AllTheLeaks/]: Server Player Clone: 2
[12dic.2025 01:06:55.364] [Server thread/INFO] [dev.uncandango.alltheleaks.AllTheLeaks/]: Listing memory leaks so far...
[12dic.2025 01:06:55.367] [Server thread/INFO] [dev.uncandango.alltheleaks.AllTheLeaks/]: B: 1967MB / C: 1967MB / Diff: +0MB
[12dic.2025 01:06:55.367] [Server thread/INFO] [dev.uncandango.alltheleaks.AllTheLeaks/]: No memory leak detected!
[12dic.2025 01:07:32.049] [Server thread/INFO] [net.minecraft.server.MinecraftServer/]: Gersbot has made the advancement [Suit Up]
[12dic.2025 01:11:54.361] [Netty Server IO #5/ERROR] [net.minecraftforge.network.NetworkRegistry/NETREGISTRY]: Channels [sophisticatedbackpacks:channel,sophisticatedcore:channel] rejected their client side version number
[12dic.2025 01:11:54.361] [Netty Server IO #5/ERROR] [net.minecraftforge.network.HandshakeHandler/FMLHANDSHAKE]: Terminating connection with client, mismatched mod list
[12dic.2025 01:11:54.365] [Server thread/INFO] [net.minecraft.server.network.ServerLoginPacketListenerImpl/]: com.mojang.authlib.GameProfile@5ea540f6[id=<null>,name=zaru2,properties={},legacy=false] (/127.200.138.254:64679) lost connection: Connection closed - mismatched mod channel list
[12dic.2025 01:11:55.089] [Server thread/INFO] [Chunk Activity Tracker/]: Saving data for 580 chunks for dimension 'overworld' took 2 milliseconds
[12dic.2025 01:12:12.619] [Server thread/INFO] [net.minecraft.server.network.ServerGamePacketListenerImpl/]: Gersbot lost connection: Disconnected
[12dic.2025 01:12:12.620] [Server thread/INFO] [net.minecraft.server.MinecraftServer/]: Gersbot left the game
[12dic.2025 01:12:12.622] [Server thread/INFO] [xaero.pac.OpenPartiesAndClaims/]: Updating all forceload tickets for bed09744-7f1b-36e3-8d3a-6af288b06368
[12dic.2025 01:12:19.772] [Server thread/INFO] [net.minecraft.server.MinecraftServer/]: Stopping server
[12dic.2025 01:12:19.773] [Server thread/INFO] [net.minecraft.server.MinecraftServer/]: Saving players
[12dic.2025 01:12:19.773] [Server thread/INFO] [net.minecraft.server.MinecraftServer/]: Saving worlds
[12dic.2025 01:12:19.802] [Server thread/INFO] [net.minecraft.server.MinecraftServer/]: Saving chunks for level 'ServerLevel[world]'/minecraft:overworld
[12dic.2025 01:12:19.828] [Server thread/INFO] [net.minecraft.server.MinecraftServer/]: Saving chunks for level 'ServerLevel[world]'/blue_skies:everbright
[12dic.2025 01:12:19.829] [Server thread/INFO] [net.minecraft.server.MinecraftServer/]: Saving chunks for level 'ServerLevel[world]'/deeperdarker:otherside
[12dic.2025 01:12:19.829] [Server thread/INFO] [net.minecraft.server.MinecraftServer/]: Saving chunks for level 'ServerLevel[world]'/minecraft:the_end
[12dic.2025 01:12:19.830] [Server thread/INFO] [net.minecraft.server.MinecraftServer/]: Saving chunks for level 'ServerLevel[world]'/aether:the_aether
[12dic.2025 01:12:19.830] [Server thread/INFO] [net.minecraft.server.MinecraftServer/]: Saving chunks for level 'ServerLevel[world]'/twilightforest:twilight_forest
[12dic.2025 01:12:19.830] [Server thread/INFO] [net.minecraft.server.MinecraftServer/]: Saving chunks for level 'ServerLevel[world]'/blue_skies:everdawn
[12dic.2025 01:12:19.831] [Server thread/INFO] [net.minecraft.server.MinecraftServer/]: Saving chunks for level 'ServerLevel[world]'/minecraft:the_nether
[12dic.2025 01:12:19.913] [Server thread/INFO] [net.minecraft.server.MinecraftServer/]: ThreadedAnvilChunkStorage (world): All chunks are saved
[12dic.2025 01:12:19.913] [Server thread/INFO] [net.minecraft.server.MinecraftServer/]: ThreadedAnvilChunkStorage (everbright): All chunks are saved
[12dic.2025 01:12:19.913] [Server thread/INFO] [net.minecraft.server.MinecraftServer/]: ThreadedAnvilChunkStorage (otherside): All chunks are saved
[12dic.2025 01:12:19.913] [Server thread/INFO] [net.minecraft.server.MinecraftServer/]: ThreadedAnvilChunkStorage (DIM1): All chunks are saved
[12dic.2025 01:12:19.913] [Server thread/INFO] [net.minecraft.server.MinecraftServer/]: ThreadedAnvilChunkStorage (the_aether): All chunks are saved
[12dic.2025 01:12:19.913] [Server thread/INFO] [net.minecraft.server.MinecraftServer/]: ThreadedAnvilChunkStorage (twilight_forest): All chunks are saved
[12dic.2025 01:12:19.913] [Server thread/INFO] [net.minecraft.server.MinecraftServer/]: ThreadedAnvilChunkStorage (everdawn): All chunks are saved
[12dic.2025 01:12:19.913] [Server thread/INFO] [net.minecraft.server.MinecraftServer/]: ThreadedAnvilChunkStorage (DIM-1): All chunks are saved
[12dic.2025 01:12:19.914] [Server thread/INFO] [net.minecraft.server.MinecraftServer/]: ThreadedAnvilChunkStorage: All dimensions are saved
[12dic.2025 01:12:19.949] [Server thread/INFO] [Chunk Activity Tracker/]: Server stopping, clearing chunk activity tracking map.
[12dic.2025 01:12:20.458] [Server thread/INFO] [Framework/]: Unloading server configs...
[12dic.2025 01:12:20.459] [Server thread/INFO] [Framework/]: Sending config unload event for backpacked.server.toml
[12dic.2025 01:12:20.460] [Server thread/INFO] [Framework/]: Sending config unload event for goblintraders-entities.toml
[12dic.2025 01:12:20.460] [Server thread/INFO] [Framework/]: Finished unloading server configs
[12dic.2025 01:12:20.463] [Server thread/INFO] [xaero.pac.OpenPartiesAndClaims/]: Stopping IO worker...
[12dic.2025 01:12:20.465] [Server thread/INFO] [xaero.pac.OpenPartiesAndClaims/]: Stopped IO worker!
